  2026-06-18 04:51:23 App\Jobs\QueueProbeJob ......................... RUNNING
  2026-06-18 04:51:24 App\Jobs\QueueProbeJob ................... 159.96ms DONE
  2026-06-18 04:51:39 App\Jobs\QueueProbeJob ......................... RUNNING
  2026-06-18 04:51:39 App\Jobs\QueueProbeJob .................... 89.44ms DONE
  2026-06-18 04:51:51 App\Jobs\QueueProbeJob ......................... RUNNING
  2026-06-18 04:51:51 App\Jobs\QueueProbeJob .................... 96.19ms DONE
  2026-06-18 05:02:13 App\Jobs\QueueProbeJob ......................... RUNNING
  2026-06-18 05:02:13 App\Jobs\QueueProbeJob .................... 44.57ms DONE
  2026-06-18 05:02:25 App\Jobs\QueueProbeJob ......................... RUNNING
  2026-06-18 05:02:25 App\Jobs\QueueProbeJob .................... 39.00ms DONE
  2026-06-18 05:02:37 App\Jobs\QueueProbeJob ......................... RUNNING
  2026-06-18 05:02:37 App\Jobs\QueueProbeJob .................... 45.63ms DONE
  2026-06-18 05:02:49 App\Jobs\QueueProbeJob ......................... RUNNING
  2026-06-18 05:02:49 App\Jobs\QueueProbeJob .................... 52.98ms DONE
  2026-06-18 05:03:01 App\Jobs\QueueProbeJob ......................... RUNNING
  2026-06-18 05:03:01 App\Jobs\QueueProbeJob .................... 43.19ms DONE
  2026-06-18 05:03:13 App\Jobs\QueueProbeJob ......................... RUNNING
  2026-06-18 05:03:13 App\Jobs\QueueProbeJob .................... 23.41ms DONE
  2026-06-18 05:03:25 App\Jobs\QueueProbeJob ......................... RUNNING
  2026-06-18 05:03:25 App\Jobs\QueueProbeJob .................... 25.91ms DONE
  2026-06-18 05:03:37 App\Jobs\QueueProbeJob ......................... RUNNING
  2026-06-18 05:03:37 App\Jobs\QueueProbeJob .................... 23.81ms DONE
  2026-06-18 05:03:49 App\Jobs\QueueProbeJob ......................... RUNNING
  2026-06-18 05:03:49 App\Jobs\QueueProbeJob .................... 25.36ms DONE
  2026-06-18 05:04:01 App\Jobs\QueueProbeJob ......................... RUNNING
  2026-06-18 05:04:01 App\Jobs\QueueProbeJob .................... 23.15ms DONE
  2026-06-18 05:05:50 App\Jobs\QueueProbeJob ......................... RUNNING
  2026-06-18 05:05:50 App\Jobs\QueueProbeJob .................... 58.62ms DONE
  2026-06-18 05:06:02 App\Jobs\QueueProbeJob ......................... RUNNING
  2026-06-18 05:06:02 App\Jobs\QueueProbeJob .................... 29.64ms DONE
  2026-06-18 05:06:14 App\Jobs\QueueProbeJob ......................... RUNNING
  2026-06-18 05:06:14 App\Jobs\QueueProbeJob .................... 30.04ms DONE
  2026-06-18 05:06:26 App\Jobs\QueueProbeJob ......................... RUNNING
  2026-06-18 05:06:26 App\Jobs\QueueProbeJob .................... 23.25ms DONE
  2026-06-18 05:06:38 App\Jobs\QueueProbeJob ......................... RUNNING
  2026-06-18 05:06:38 App\Jobs\QueueProbeJob .................... 23.11ms DONE
  2026-06-18 05:06:50 App\Jobs\QueueProbeJob ......................... RUNNING
  2026-06-18 05:06:50 App\Jobs\QueueProbeJob .................... 38.52ms DONE
  2026-06-18 05:07:02 App\Jobs\QueueProbeJob ......................... RUNNING
  2026-06-18 05:07:02 App\Jobs\QueueProbeJob .................... 31.09ms DONE
  2026-06-18 05:07:14 App\Jobs\QueueProbeJob ......................... RUNNING
  2026-06-18 05:07:14 App\Jobs\QueueProbeJob .................... 25.21ms DONE
  2026-06-18 05:07:26 App\Jobs\QueueProbeJob ......................... RUNNING
  2026-06-18 05:07:26 App\Jobs\QueueProbeJob .................... 25.53ms DONE
  2026-06-18 05:07:38 App\Jobs\QueueProbeJob ......................... RUNNING
  2026-06-18 05:07:38 App\Jobs\QueueProbeJob .................... 20.43ms DONE
  2026-06-18 05:07:50 App\Jobs\QueueProbeJob ......................... RUNNING
  2026-06-18 05:07:50 App\Jobs\QueueProbeJob .................... 27.84ms DONE
  2026-06-18 05:08:02 App\Jobs\QueueProbeJob ......................... RUNNING
  2026-06-18 05:08:02 App\Jobs\QueueProbeJob .................... 21.39ms DONE
  2026-06-18 05:08:17 App\Jobs\QueueProbeJob ......................... RUNNING
  2026-06-18 05:08:17 App\Jobs\QueueProbeJob .................... 23.77ms DONE
  2026-06-18 05:08:29 App\Jobs\QueueProbeJob ......................... RUNNING
  2026-06-18 05:08:29 App\Jobs\QueueProbeJob .................... 30.33ms DONE
  2026-06-18 05:08:42 App\Jobs\QueueProbeJob ......................... RUNNING
  2026-06-18 05:08:42 App\Jobs\QueueProbeJob .................... 25.95ms DONE
  2026-06-18 05:25:04 App\Jobs\QueueProbeJob ......................... RUNNING
  2026-06-18 05:25:04 App\Jobs\QueueProbeJob .................... 23.92ms DONE
  2026-06-18 05:25:22 App\Jobs\QueueProbeJob ......................... RUNNING
  2026-06-18 05:25:22 App\Jobs\QueueProbeJob .................... 23.25ms DONE
  2026-06-18 05:36:20 App\Jobs\QueueProbeJob ......................... RUNNING
  2026-06-18 05:36:20 App\Jobs\QueueProbeJob .................... 20.96ms DONE
  2026-06-18 05:37:56 App\Jobs\QueueProbeJob ......................... RUNNING
  2026-06-18 05:37:56 App\Jobs\QueueProbeJob .................... 21.65ms DONE
  2026-06-18 05:48:17 App\Jobs\QueueProbeJob ......................... RUNNING
  2026-06-18 05:48:17 App\Jobs\QueueProbeJob .................... 26.71ms DONE
  2026-06-18 05:48:32 App\Jobs\QueueProbeJob ......................... RUNNING
  2026-06-18 05:48:32 App\Jobs\QueueProbeJob .................... 22.58ms DONE
  2026-06-18 05:48:48 App\Jobs\QueueProbeJob ......................... RUNNING
  2026-06-18 05:48:48 App\Jobs\QueueProbeJob .................... 25.17ms DONE
  2026-06-18 05:49:06 App\Jobs\QueueProbeJob ......................... RUNNING
  2026-06-18 05:49:06 App\Jobs\QueueProbeJob .................... 22.50ms DONE
  2026-06-18 05:49:18 App\Jobs\QueueProbeJob ......................... RUNNING
  2026-06-18 05:49:18 App\Jobs\QueueProbeJob .................... 25.23ms DONE
  2026-06-18 05:49:30 App\Jobs\QueueProbeJob ......................... RUNNING
  2026-06-18 05:49:30 App\Jobs\QueueProbeJob .................... 22.44ms DONE
  2026-06-18 05:49:42 App\Jobs\QueueProbeJob ......................... RUNNING
  2026-06-18 05:49:42 App\Jobs\QueueProbeJob .................... 23.98ms DONE
  2026-06-18 05:49:54 App\Jobs\QueueProbeJob ......................... RUNNING
  2026-06-18 05:49:54 App\Jobs\QueueProbeJob .................... 29.34ms DONE
  2026-06-18 05:50:06 App\Jobs\QueueProbeJob ......................... RUNNING
  2026-06-18 05:50:06 App\Jobs\QueueProbeJob .................... 36.08ms DONE
  2026-06-18 05:50:18 App\Jobs\QueueProbeJob ......................... RUNNING
  2026-06-18 05:50:18 App\Jobs\QueueProbeJob .................... 21.92ms DONE
  2026-06-18 05:50:30 App\Jobs\QueueProbeJob ......................... RUNNING
  2026-06-18 05:50:30 App\Jobs\QueueProbeJob .................... 21.75ms DONE
  2026-06-18 05:50:45 App\Jobs\QueueProbeJob ......................... RUNNING
  2026-06-18 05:50:45 App\Jobs\QueueProbeJob .................... 25.99ms DONE
  2026-06-18 06:07:55 App\Jobs\QueueProbeJob ......................... RUNNING
  2026-06-18 06:07:55 App\Jobs\QueueProbeJob .................... 23.80ms DONE
  2026-06-18 06:08:10 App\Jobs\QueueProbeJob ......................... RUNNING
  2026-06-18 06:08:10 App\Jobs\QueueProbeJob .................... 33.07ms DONE
  2026-06-18 06:08:22 App\Jobs\QueueProbeJob ......................... RUNNING
  2026-06-18 06:08:22 App\Jobs\QueueProbeJob .................... 31.63ms DONE
  2026-06-18 06:08:28 App\Jobs\QueueProbeJob ......................... RUNNING
  2026-06-18 06:08:28 App\Jobs\QueueProbeJob .................... 22.68ms DONE
  2026-06-18 06:08:31 App\Jobs\RunProductMigrationJob ................ RUNNING
  2026-06-18 06:08:38 App\Jobs\RunProductMigrationJob ................ 6s DONE
  2026-06-18 06:08:38 App\Jobs\QueueProbeJob ......................... RUNNING
  2026-06-18 06:08:38 App\Jobs\QueueProbeJob .................... 24.22ms DONE
  2026-06-18 06:08:38 App\Jobs\ProcessProductMigrationItemJob ........ RUNNING
  2026-06-18 06:08:52 App\Jobs\ProcessProductMigrationItemJob ....... 13s DONE
  2026-06-18 06:08:52 App\Jobs\ProcessProductMigrationItemJob ........ RUNNING
  2026-06-18 06:09:05 App\Jobs\ProcessProductMigrationItemJob ....... 13s DONE
  2026-06-18 06:09:05 App\Jobs\ProcessProductMigrationItemJob ........ RUNNING
  2026-06-18 06:09:14 App\Jobs\ProcessProductMigrationItemJob ........ 8s DONE
  2026-06-18 06:09:14 App\Jobs\ProcessProductMigrationItemJob ........ RUNNING
  2026-06-18 06:09:25 App\Jobs\ProcessProductMigrationItemJob ....... 11s DONE
  2026-06-18 06:09:25 App\Jobs\ProcessProductMigrationItemJob ........ RUNNING
  2026-06-18 06:09:35 App\Jobs\ProcessProductMigrationItemJob ........ 9s DONE
  2026-06-18 06:09:35 App\Jobs\ProcessProductMigrationItemJob ........ RUNNING
  2026-06-18 06:09:44 App\Jobs\ProcessProductMigrationItemJob ........ 9s DONE
  2026-06-18 06:09:44 App\Jobs\ProcessProductMigrationItemJob ........ RUNNING
  2026-06-18 06:09:51 App\Jobs\ProcessProductMigrationItemJob ........ 7s DONE
  2026-06-18 06:09:51 App\Jobs\ProcessProductMigrationItemJob ........ RUNNING
  2026-06-18 06:16:32 App\Jobs\ProcessProductMigrationItemJob .... 6m 40s DONE
  2026-06-18 06:17:50 App\Jobs\RunProductMigrationJob ................ RUNNING
  2026-06-18 06:17:53 App\Jobs\RunProductMigrationJob ................ 2s DONE
  2026-06-18 06:17:53 App\Jobs\ProcessProductMigrationItemJob ........ RUNNING
  2026-06-18 06:17:56 App\Jobs\ProcessProductMigrationItemJob ........ 2s DONE
  2026-06-18 06:17:56 App\Jobs\ProcessProductMigrationItemJob ........ RUNNING
  2026-06-18 06:18:01 App\Jobs\ProcessProductMigrationItemJob ........ 5s DONE
  2026-06-18 06:18:01 App\Jobs\ProcessProductMigrationItemJob ........ RUNNING
  2026-06-18 06:18:04 App\Jobs\ProcessProductMigrationItemJob ........ 2s DONE
  2026-06-18 06:18:04 App\Jobs\ProcessProductMigrationItemJob ........ RUNNING
  2026-06-18 06:18:19 App\Jobs\ProcessProductMigrationItemJob ....... 15s DONE
  2026-06-18 06:18:19 App\Jobs\ProcessProductMigrationItemJob ........ RUNNING
  2026-06-18 06:18:30 App\Jobs\ProcessProductMigrationItemJob ....... 10s DONE
  2026-06-18 06:18:30 App\Jobs\ProcessProductMigrationItemJob ........ RUNNING
  2026-06-18 06:18:41 App\Jobs\ProcessProductMigrationItemJob ....... 11s DONE
  2026-06-18 06:18:41 App\Jobs\ProcessProductMigrationItemJob ........ RUNNING
  2026-06-18 06:18:54 App\Jobs\ProcessProductMigrationItemJob ....... 12s DONE
  2026-06-18 06:18:54 App\Jobs\ProcessProductMigrationItemJob ........ RUNNING
  2026-06-18 06:18:54 App\Jobs\ProcessProductMigrationItemJob ... 23.65ms DONE
  2026-06-18 06:18:54 App\Jobs\ProcessProductMigrationItemJob ........ RUNNING
  2026-06-18 06:18:54 App\Jobs\ProcessProductMigrationItemJob ... 21.25ms DONE
  2026-06-18 06:18:54 App\Jobs\ProcessProductMigrationItemJob ........ RUNNING
  2026-06-18 06:18:54 App\Jobs\ProcessProductMigrationItemJob ... 21.17ms DONE
  2026-06-18 06:18:54 App\Jobs\ProcessProductMigrationItemJob ........ RUNNING
  2026-06-18 06:18:54 App\Jobs\ProcessProductMigrationItemJob ... 23.28ms DONE
  2026-06-18 06:18:54 App\Jobs\ProcessProductMigrationItemJob ........ RUNNING
  2026-06-18 06:18:54 App\Jobs\ProcessProductMigrationItemJob ... 27.85ms DONE
  2026-06-18 06:18:54 App\Jobs\ProcessProductMigrationItemJob ........ RUNNING
  2026-06-18 06:18:54 App\Jobs\ProcessProductMigrationItemJob ... 30.27ms DONE
  2026-06-18 06:18:54 App\Jobs\ProcessProductMigrationItemJob ........ RUNNING
  2026-06-18 06:18:54 App\Jobs\ProcessProductMigrationItemJob ... 23.00ms DONE
  2026-06-18 06:18:54 App\Jobs\ProcessProductMigrationItemJob ........ RUNNING
  2026-06-18 06:18:54 App\Jobs\ProcessProductMigrationItemJob ... 24.13ms DONE
  2026-06-18 06:18:54 App\Jobs\ProcessProductMigrationItemJob ........ RUNNING
  2026-06-18 06:18:54 App\Jobs\ProcessProductMigrationItemJob ... 22.47ms DONE
  2026-06-18 06:18:54 App\Jobs\ProcessProductMigrationItemJob ........ RUNNING
  2026-06-18 06:18:54 App\Jobs\ProcessProductMigrationItemJob ... 21.49ms DONE
  2026-06-18 06:18:54 App\Jobs\ProcessProductMigrationItemJob ........ RUNNING
  2026-06-18 06:18:54 App\Jobs\ProcessProductMigrationItemJob ... 22.70ms DONE
  2026-06-18 06:18:54 App\Jobs\ProcessProductMigrationItemJob ........ RUNNING
  2026-06-18 06:18:54 App\Jobs\ProcessProductMigrationItemJob ... 23.54ms DONE
  2026-06-18 06:18:54 App\Jobs\ProcessProductMigrationItemJob ........ RUNNING
  2026-06-18 06:18:54 App\Jobs\ProcessProductMigrationItemJob ... 21.40ms DONE
  2026-06-18 06:18:54 App\Jobs\ProcessProductMigrationItemJob ........ RUNNING
  2026-06-18 06:18:54 App\Jobs\ProcessProductMigrationItemJob ... 20.18ms DONE
  2026-06-18 06:18:54 App\Jobs\ProcessProductMigrationItemJob ........ RUNNING
  2026-06-18 06:18:54 App\Jobs\ProcessProductMigrationItemJob ... 20.10ms DONE
  2026-06-18 06:18:54 App\Jobs\ProcessProductMigrationItemJob ........ RUNNING
  2026-06-18 06:18:55 App\Jobs\ProcessProductMigrationItemJob ... 26.62ms DONE
  2026-06-18 06:18:55 App\Jobs\ProcessProductMigrationItemJob ........ RUNNING
  2026-06-18 06:18:55 App\Jobs\ProcessProductMigrationItemJob ... 23.62ms DONE
  2026-06-18 06:18:55 App\Jobs\ProcessProductMigrationItemJob ........ RUNNING
  2026-06-18 06:18:55 App\Jobs\ProcessProductMigrationItemJob ... 25.80ms DONE
  2026-06-18 06:18:55 App\Jobs\ProcessProductMigrationItemJob ........ RUNNING
  2026-06-18 06:18:55 App\Jobs\ProcessProductMigrationItemJob ... 24.09ms DONE
  2026-06-18 06:18:55 App\Jobs\ProcessProductMigrationItemJob ........ RUNNING
  2026-06-18 06:18:55 App\Jobs\ProcessProductMigrationItemJob ... 27.13ms DONE
  2026-06-18 06:18:55 App\Jobs\ProcessProductMigrationItemJob ........ RUNNING
  2026-06-18 06:18:55 App\Jobs\ProcessProductMigrationItemJob ... 24.99ms DONE
  2026-06-18 06:18:55 App\Jobs\ProcessProductMigrationItemJob ........ RUNNING
  2026-06-18 06:18:55 App\Jobs\ProcessProductMigrationItemJob ... 23.04ms DONE
  2026-06-18 06:18:55 App\Jobs\ProcessProductMigrationItemJob ........ RUNNING
  2026-06-18 06:18:55 App\Jobs\ProcessProductMigrationItemJob ... 26.81ms DONE
  2026-06-18 06:18:55 App\Jobs\ProcessProductMigrationItemJob ........ RUNNING
  2026-06-18 06:18:55 App\Jobs\ProcessProductMigrationItemJob ... 27.27ms DONE
  2026-06-18 06:18:55 App\Jobs\ProcessProductMigrationItemJob ........ RUNNING
  2026-06-18 06:18:55 App\Jobs\ProcessProductMigrationItemJob ... 19.64ms DONE
  2026-06-18 06:18:55 App\Jobs\ProcessProductMigrationItemJob ........ RUNNING
  2026-06-18 06:18:55 App\Jobs\ProcessProductMigrationItemJob ... 65.33ms DONE
  2026-06-18 06:18:55 App\Jobs\RunProductMigrationJob ................ RUNNING
  2026-06-18 06:18:55 App\Jobs\RunProductMigrationJob ........... 31.38ms DONE
  2026-06-18 06:18:55 App\Jobs\QueueProbeJob ......................... RUNNING
  2026-06-18 06:18:55 App\Jobs\QueueProbeJob .................... 25.44ms DONE
  2026-06-18 06:18:55 App\Jobs\QueueProbeJob ......................... RUNNING
  2026-06-18 06:18:55 App\Jobs\QueueProbeJob .................... 21.51ms DONE
  2026-06-18 06:18:55 App\Jobs\QueueProbeJob ......................... RUNNING
  2026-06-18 06:18:55 App\Jobs\QueueProbeJob .................... 25.59ms DONE
  2026-06-18 06:18:55 App\Jobs\QueueProbeJob ......................... RUNNING
  2026-06-18 06:18:55 App\Jobs\QueueProbeJob .................... 30.16ms DONE
